2023-03-13 17:42:47,585 INFO werkzeug MainThread : [31m[1mWARNING: This is a development server. Do not use it in a production deployment. Use a production WSGI server instead.[0m
 * Running on http://127.0.0.1:5000
2023-03-13 17:42:47,585 INFO werkzeug MainThread : [33mPress CTRL+C to quit[0m
2023-03-13 17:42:57,840 INFO app Thread-1 (process_request_thread) : Login route accessed
2023-03-13 17:42:57,847 INFO werkzeug Thread-1 (process_request_thread) : 127.0.0.1 - - [13/Mar/2023 17:42:57] "GET /login HTTP/1.1" 200 -
2023-03-13 18:41:26,355 INFO app MainThread : Clearing session
2023-03-13 18:41:26,356 INFO app MainThread : Signup route accessed
2023-03-13 18:41:26,356 INFO app MainThread : Getting database
2023-03-13 18:41:26,472 INFO app MainThread : User user registered
2023-03-13 18:41:26,553 INFO app MainThread : Login route accessed
2023-03-13 18:41:26,588 INFO app MainThread : Signup route accessed
2023-03-13 18:41:26,589 INFO app MainThread : Getting database
2023-03-13 18:41:26,592 INFO app MainThread : User user2 registered
2023-03-13 18:41:26,845 INFO app MainThread : Login route accessed
2023-03-13 18:41:26,849 INFO app MainThread : Login route accessed
2023-03-13 18:41:26,850 INFO app MainThread : Getting database
2023-03-13 18:41:26,854 INFO app MainThread : Closing database
2023-03-13 18:41:26,854 INFO app MainThread : Login successful(1, 'user', 'user', '2023-03-13 13:11:26', '2023-03-13 13:11:26')
2023-03-13 18:41:26,860 INFO app MainThread : Index route accessed
2023-03-13 18:41:26,861 INFO app MainThread : User user accessed Kanban board
2023-03-13 18:41:26,861 INFO app MainThread : Getting database
2023-03-13 18:41:26,864 INFO app MainThread : Server retrieved user ID for user user
2023-03-13 18:41:26,865 INFO app MainThread : Getting database
2023-03-13 18:41:26,865 INFO app MainThread : Closing database
2023-03-13 18:41:26,866 INFO app MainThread : Server organized tasks for user user in dictionary form
2023-03-13 18:41:26,895 INFO app MainThread : Getting database
2023-03-13 18:41:26,900 INFO app MainThread : Getting database
2023-03-13 18:41:26,901 INFO app MainThread : Server retrieved user ID for user user
2023-03-13 18:41:26,949 INFO app MainThread : Closing database
2023-03-13 18:41:26,949 INFO app MainThread : User user added task common_task
2023-03-13 18:41:26,954 INFO app MainThread : Index route accessed
2023-03-13 18:41:26,955 INFO app MainThread : User user accessed Kanban board
2023-03-13 18:41:26,955 INFO app MainThread : Getting database
2023-03-13 18:41:26,958 INFO app MainThread : Server retrieved user ID for user user
2023-03-13 18:41:26,958 INFO app MainThread : Getting database
2023-03-13 18:41:26,958 INFO app MainThread : Closing database
2023-03-13 18:41:26,959 INFO app MainThread : Getting database
2023-03-13 18:41:26,963 INFO app MainThread : Closing database
2023-03-13 18:41:26,963 INFO app MainThread : Server retrieved contributors for task with ID (1,)
2023-03-13 18:41:26,964 INFO app MainThread : Getting database
2023-03-13 18:41:26,967 INFO app MainThread : Server constructed task dictionary for task with ID (1,)
2023-03-13 18:41:26,967 INFO app MainThread : Server organized tasks for user user in dictionary form
2023-03-13 18:41:26,972 INFO app MainThread : Getting database
2023-03-13 18:41:27,033 INFO app MainThread : Closing database
2023-03-13 18:41:27,034 INFO app MainThread : User user added contributor user2 to task with ID 1
2023-03-13 18:41:27,038 INFO app MainThread : Index route accessed
2023-03-13 18:41:27,038 INFO app MainThread : User user accessed Kanban board
2023-03-13 18:41:27,038 INFO app MainThread : Getting database
2023-03-13 18:41:27,042 INFO app MainThread : Server retrieved user ID for user user
2023-03-13 18:41:27,042 INFO app MainThread : Getting database
2023-03-13 18:41:27,042 INFO app MainThread : Closing database
2023-03-13 18:41:27,043 INFO app MainThread : Getting database
2023-03-13 18:41:27,046 INFO app MainThread : Closing database
2023-03-13 18:41:27,046 INFO app MainThread : Server retrieved contributors for task with ID (1,)
2023-03-13 18:41:27,047 INFO app MainThread : Getting database
2023-03-13 18:41:27,050 INFO app MainThread : Server constructed task dictionary for task with ID (1,)
2023-03-13 18:41:27,051 INFO app MainThread : Server organized tasks for user user in dictionary form
2023-03-13 18:41:27,059 INFO app MainThread : Login route accessed
2023-03-13 18:41:27,060 INFO app MainThread : Getting database
2023-03-13 18:41:27,063 INFO app MainThread : Closing database
2023-03-13 18:41:27,064 INFO app MainThread : Login successful(2, 'user2', 'user2', '2023-03-13 13:11:26', '2023-03-13 13:11:26')
2023-03-13 18:41:27,071 INFO app MainThread : Index route accessed
2023-03-13 18:41:27,071 INFO app MainThread : User user2 accessed Kanban board
2023-03-13 18:41:27,071 INFO app MainThread : Getting database
2023-03-13 18:41:27,077 INFO app MainThread : Server retrieved user ID for user user2
2023-03-13 18:41:27,077 INFO app MainThread : Getting database
2023-03-13 18:41:27,078 INFO app MainThread : Closing database
2023-03-13 18:41:27,078 INFO app MainThread : Getting database
2023-03-13 18:41:27,082 INFO app MainThread : Closing database
2023-03-13 18:41:27,083 INFO app MainThread : Server retrieved contributors for task with ID (1,)
2023-03-13 18:41:27,083 INFO app MainThread : Getting database
2023-03-13 18:41:27,086 INFO app MainThread : Server constructed task dictionary for task with ID (1,)
2023-03-13 18:41:27,087 INFO app MainThread : Server organized tasks for user user2 in dictionary form
2023-03-13 18:41:27,186 INFO app MainThread : Clearing session
2023-03-13 18:41:27,187 INFO app MainThread : Signup route accessed
2023-03-13 18:41:27,188 INFO app MainThread : Getting database
2023-03-13 18:41:27,191 INFO app MainThread : User user registered
2023-03-13 18:41:27,246 INFO app MainThread : Login route accessed
2023-03-13 18:41:27,270 INFO app MainThread : Login route accessed
2023-03-13 18:41:27,271 INFO app MainThread : Getting database
2023-03-13 18:41:27,274 INFO app MainThread : Closing database
2023-03-13 18:41:27,275 INFO app MainThread : Login successful(1, 'user', 'user', '2023-03-13 13:11:27', '2023-03-13 13:11:27')
2023-03-13 18:41:27,281 INFO app MainThread : Index route accessed
2023-03-13 18:41:27,281 INFO app MainThread : User user accessed Kanban board
2023-03-13 18:41:27,281 INFO app MainThread : Getting database
2023-03-13 18:41:27,285 INFO app MainThread : Server retrieved user ID for user user
2023-03-13 18:41:27,285 INFO app MainThread : Getting database
2023-03-13 18:41:27,285 INFO app MainThread : Closing database
2023-03-13 18:41:27,286 INFO app MainThread : Server organized tasks for user user in dictionary form
2023-03-13 18:41:27,314 INFO app MainThread : Getting database
2023-03-13 18:41:27,320 INFO app MainThread : Getting database
2023-03-13 18:41:27,320 INFO app MainThread : Server retrieved user ID for user user
2023-03-13 18:41:27,371 INFO app MainThread : Closing database
2023-03-13 18:41:27,372 INFO app MainThread : User user added task task
2023-03-13 18:41:27,376 INFO app MainThread : Index route accessed
2023-03-13 18:41:27,376 INFO app MainThread : User user accessed Kanban board
2023-03-13 18:41:27,376 INFO app MainThread : Getting database
2023-03-13 18:41:27,379 INFO app MainThread : Server retrieved user ID for user user
2023-03-13 18:41:27,380 INFO app MainThread : Getting database
2023-03-13 18:41:27,380 INFO app MainThread : Closing database
2023-03-13 18:41:27,381 INFO app MainThread : Getting database
2023-03-13 18:41:27,384 INFO app MainThread : Closing database
2023-03-13 18:41:27,384 INFO app MainThread : Server retrieved contributors for task with ID (1,)
2023-03-13 18:41:27,384 INFO app MainThread : Getting database
2023-03-13 18:41:27,388 INFO app MainThread : Server constructed task dictionary for task with ID (1,)
2023-03-13 18:41:27,388 INFO app MainThread : Server organized tasks for user user in dictionary form
2023-03-13 18:41:27,487 INFO app MainThread : Clearing session
2023-03-13 18:41:27,488 INFO app MainThread : Signup route accessed
2023-03-13 18:41:27,489 INFO app MainThread : Getting database
2023-03-13 18:41:27,492 INFO app MainThread : User user registered
2023-03-13 18:41:27,551 INFO app MainThread : Login route accessed
2023-03-13 18:41:27,576 INFO app MainThread : Login route accessed
2023-03-13 18:41:27,576 INFO app MainThread : Getting database
2023-03-13 18:41:27,579 INFO app MainThread : Closing database
2023-03-13 18:41:27,580 INFO app MainThread : Login successful(1, 'user', 'user', '2023-03-13 13:11:27', '2023-03-13 13:11:27')
2023-03-13 18:41:27,585 INFO app MainThread : Index route accessed
2023-03-13 18:41:27,585 INFO app MainThread : User user accessed Kanban board
2023-03-13 18:41:27,586 INFO app MainThread : Getting database
2023-03-13 18:41:27,589 INFO app MainThread : Server retrieved user ID for user user
2023-03-13 18:41:27,589 INFO app MainThread : Getting database
2023-03-13 18:41:27,590 INFO app MainThread : Closing database
2023-03-13 18:41:27,590 INFO app MainThread : Server organized tasks for user user in dictionary form
2023-03-13 18:41:27,702 INFO app MainThread : Clearing session
2023-03-13 18:41:27,703 INFO app MainThread : Signup route accessed
2023-03-13 18:41:27,703 INFO app MainThread : Getting database
2023-03-13 18:41:27,707 INFO app MainThread : User user registered
2023-03-13 18:41:27,763 INFO app MainThread : Login route accessed
2023-03-13 18:41:27,789 INFO app MainThread : Login route accessed
2023-03-13 18:41:27,790 INFO app MainThread : Getting database
2023-03-13 18:41:27,794 INFO app MainThread : Closing database
2023-03-13 18:41:27,794 INFO app MainThread : Login successful(1, 'user', 'user', '2023-03-13 13:11:27', '2023-03-13 13:11:27')
2023-03-13 18:41:27,800 INFO app MainThread : Index route accessed
2023-03-13 18:41:27,800 INFO app MainThread : User user accessed Kanban board
2023-03-13 18:41:27,800 INFO app MainThread : Getting database
2023-03-13 18:41:27,804 INFO app MainThread : Server retrieved user ID for user user
2023-03-13 18:41:27,804 INFO app MainThread : Getting database
2023-03-13 18:41:27,805 INFO app MainThread : Closing database
2023-03-13 18:41:27,805 INFO app MainThread : Server organized tasks for user user in dictionary form
2023-03-13 18:41:27,833 INFO app MainThread : Getting database
2023-03-13 18:41:27,839 INFO app MainThread : Getting database
2023-03-13 18:41:27,840 INFO app MainThread : Server retrieved user ID for user user
2023-03-13 18:41:27,888 INFO app MainThread : Closing database
2023-03-13 18:41:27,889 INFO app MainThread : User user added task test task
2023-03-13 18:41:27,893 INFO app MainThread : Index route accessed
2023-03-13 18:41:27,894 INFO app MainThread : User user accessed Kanban board
2023-03-13 18:41:27,894 INFO app MainThread : Getting database
2023-03-13 18:41:27,897 INFO app MainThread : Server retrieved user ID for user user
2023-03-13 18:41:27,897 INFO app MainThread : Getting database
2023-03-13 18:41:27,898 INFO app MainThread : Closing database
2023-03-13 18:41:27,898 INFO app MainThread : Getting database
2023-03-13 18:41:27,902 INFO app MainThread : Closing database
2023-03-13 18:41:27,902 INFO app MainThread : Server retrieved contributors for task with ID (1,)
2023-03-13 18:41:27,903 INFO app MainThread : Getting database
2023-03-13 18:41:27,906 INFO app MainThread : Server constructed task dictionary for task with ID (1,)
2023-03-13 18:41:27,906 INFO app MainThread : Server organized tasks for user user in dictionary form
2023-03-13 18:41:27,914 INFO app MainThread : Getting database
2023-03-13 18:41:27,972 INFO app MainThread : Closing database
2023-03-13 18:41:27,973 INFO app MainThread : User user deleted task with ID 1
2023-03-13 18:41:28,060 INFO app MainThread : Clearing session
2023-03-13 18:41:28,061 INFO app MainThread : Signup route accessed
2023-03-13 18:41:28,062 INFO app MainThread : Getting database
2023-03-13 18:41:28,065 INFO app MainThread : User user registered
2023-03-13 18:41:28,126 INFO app MainThread : Signup route accessed
2023-03-13 18:41:28,127 INFO app MainThread : Getting database
2023-03-13 18:41:28,129 INFO app MainThread : User user is already registered
2023-03-13 18:41:28,130 INFO app MainThread : User user registered
2023-03-13 18:41:28,275 INFO app MainThread : Clearing session
2023-03-13 18:41:28,276 INFO app MainThread : Signup route accessed
2023-03-13 18:41:28,277 INFO app MainThread : Getting database
2023-03-13 18:41:28,281 INFO app MainThread : User user registered
2023-03-13 18:41:28,338 INFO app MainThread : Login route accessed
2023-03-13 18:41:28,361 INFO app MainThread : Login route accessed
2023-03-13 18:41:28,362 INFO app MainThread : Getting database
2023-03-13 18:41:28,365 INFO app MainThread : Closing database
2023-03-13 18:41:28,366 INFO app MainThread : Login successful(1, 'user', 'user', '2023-03-13 13:11:28', '2023-03-13 13:11:28')
2023-03-13 18:41:28,372 INFO app MainThread : Index route accessed
2023-03-13 18:41:28,372 INFO app MainThread : User user accessed Kanban board
2023-03-13 18:41:28,373 INFO app MainThread : Getting database
2023-03-13 18:41:28,376 INFO app MainThread : Server retrieved user ID for user user
2023-03-13 18:41:28,376 INFO app MainThread : Getting database
2023-03-13 18:41:28,377 INFO app MainThread : Closing database
2023-03-13 18:41:28,377 INFO app MainThread : Server organized tasks for user user in dictionary form
2023-03-13 18:41:28,405 INFO app MainThread : Getting database
2023-03-13 18:41:28,411 INFO app MainThread : Getting database
2023-03-13 18:41:28,411 INFO app MainThread : Server retrieved user ID for user user
2023-03-13 18:41:28,461 INFO app MainThread : Closing database
2023-03-13 18:41:28,462 INFO app MainThread : User user added task task
2023-03-13 18:41:28,467 INFO app MainThread : Index route accessed
2023-03-13 18:41:28,468 INFO app MainThread : User user accessed Kanban board
2023-03-13 18:41:28,468 INFO app MainThread : Getting database
2023-03-13 18:41:28,472 INFO app MainThread : Server retrieved user ID for user user
2023-03-13 18:41:28,472 INFO app MainThread : Getting database
2023-03-13 18:41:28,473 INFO app MainThread : Closing database
2023-03-13 18:41:28,473 INFO app MainThread : Getting database
2023-03-13 18:41:28,476 INFO app MainThread : Closing database
2023-03-13 18:41:28,476 INFO app MainThread : Server retrieved contributors for task with ID (1,)
2023-03-13 18:41:28,477 INFO app MainThread : Getting database
2023-03-13 18:41:28,480 INFO app MainThread : Server constructed task dictionary for task with ID (1,)
2023-03-13 18:41:28,481 INFO app MainThread : Server organized tasks for user user in dictionary form
2023-03-13 18:41:28,486 INFO app MainThread : Getting database
2023-03-13 18:41:28,546 INFO app MainThread : Closing database
2023-03-13 18:41:28,546 INFO app MainThread : User user edited task with ID 1
2023-03-13 18:41:28,636 INFO app MainThread : Clearing session
2023-03-13 18:41:28,636 INFO app MainThread : Index route accessed
2023-03-13 18:41:28,637 INFO app MainThread : User not logged in
2023-03-13 18:41:28,730 INFO app MainThread : Clearing session
2023-03-13 18:41:28,731 INFO app MainThread : Signup route accessed
2023-03-13 18:41:28,732 INFO app MainThread : Getting database
2023-03-13 18:41:28,736 INFO app MainThread : User user registered
2023-03-13 18:41:28,793 INFO app MainThread : Login route accessed
2023-03-13 18:41:28,819 INFO app MainThread : Login route accessed
2023-03-13 18:41:28,820 INFO app MainThread : Getting database
2023-03-13 18:41:28,824 INFO app MainThread : Closing database
2023-03-13 18:41:28,824 INFO app MainThread : Login successful(1, 'user', 'user', '2023-03-13 13:11:28', '2023-03-13 13:11:28')
2023-03-13 18:41:28,832 INFO app MainThread : Index route accessed
2023-03-13 18:41:28,832 INFO app MainThread : User user accessed Kanban board
2023-03-13 18:41:28,832 INFO app MainThread : Getting database
2023-03-13 18:41:28,835 INFO app MainThread : Server retrieved user ID for user user
2023-03-13 18:41:28,836 INFO app MainThread : Getting database
2023-03-13 18:41:28,837 INFO app MainThread : Closing database
2023-03-13 18:41:28,837 INFO app MainThread : Server organized tasks for user user in dictionary form
2023-03-13 18:41:28,866 INFO app MainThread : Getting database
2023-03-13 18:41:28,873 INFO app MainThread : Getting database
2023-03-13 18:41:28,873 INFO app MainThread : Server retrieved user ID for user user
2023-03-13 18:41:28,930 INFO app MainThread : Closing database
2023-03-13 18:41:28,931 INFO app MainThread : User user added task task
2023-03-13 18:41:28,935 INFO app MainThread : Index route accessed
2023-03-13 18:41:28,936 INFO app MainThread : User user accessed Kanban board
2023-03-13 18:41:28,936 INFO app MainThread : Getting database
2023-03-13 18:41:28,939 INFO app MainThread : Server retrieved user ID for user user
2023-03-13 18:41:28,939 INFO app MainThread : Getting database
2023-03-13 18:41:28,940 INFO app MainThread : Closing database
2023-03-13 18:41:28,940 INFO app MainThread : Getting database
2023-03-13 18:41:28,944 INFO app MainThread : Closing database
2023-03-13 18:41:28,944 INFO app MainThread : Server retrieved contributors for task with ID (1,)
2023-03-13 18:41:28,944 INFO app MainThread : Getting database
2023-03-13 18:41:28,948 INFO app MainThread : Server constructed task dictionary for task with ID (1,)
2023-03-13 18:41:28,948 INFO app MainThread : Server organized tasks for user user in dictionary form
2023-03-13 18:41:28,953 INFO app MainThread : Getting database
2023-03-13 18:41:29,012 INFO app MainThread : Closing database
2023-03-13 18:41:29,014 INFO app MainThread : User user moved task 1 to done
2023-03-13 18:41:29,106 INFO app MainThread : Clearing session
2023-03-13 18:41:29,107 INFO app MainThread : Signup route accessed
2023-03-13 18:41:29,107 INFO app MainThread : Getting database
2023-03-13 18:41:29,111 INFO app MainThread : User user registered
2023-03-13 18:41:29,175 INFO app MainThread : Login route accessed
2023-03-13 18:41:29,201 INFO app MainThread : Signup route accessed
2023-03-13 18:41:29,202 INFO app MainThread : Getting database
2023-03-13 18:41:29,206 INFO app MainThread : User user2 registered
2023-03-13 18:41:29,281 INFO app MainThread : Login route accessed
2023-03-13 18:41:29,285 INFO app MainThread : Login route accessed
2023-03-13 18:41:29,286 INFO app MainThread : Getting database
2023-03-13 18:41:29,289 INFO app MainThread : Closing database
2023-03-13 18:41:29,290 INFO app MainThread : Login successful(1, 'user', 'user', '2023-03-13 13:11:29', '2023-03-13 13:11:29')
2023-03-13 18:41:29,296 INFO app MainThread : Index route accessed
2023-03-13 18:41:29,296 INFO app MainThread : User user accessed Kanban board
2023-03-13 18:41:29,296 INFO app MainThread : Getting database
2023-03-13 18:41:29,300 INFO app MainThread : Server retrieved user ID for user user
2023-03-13 18:41:29,300 INFO app MainThread : Getting database
2023-03-13 18:41:29,300 INFO app MainThread : Closing database
2023-03-13 18:41:29,301 INFO app MainThread : Server organized tasks for user user in dictionary form
2023-03-13 18:41:29,328 INFO app MainThread : Getting database
2023-03-13 18:41:29,335 INFO app MainThread : Getting database
2023-03-13 18:41:29,335 INFO app MainThread : Server retrieved user ID for user user
2023-03-13 18:41:29,384 INFO app MainThread : Closing database
2023-03-13 18:41:29,385 INFO app MainThread : User user added task common_task
2023-03-13 18:41:29,389 INFO app MainThread : Index route accessed
2023-03-13 18:41:29,390 INFO app MainThread : User user accessed Kanban board
2023-03-13 18:41:29,390 INFO app MainThread : Getting database
2023-03-13 18:41:29,393 INFO app MainThread : Server retrieved user ID for user user
2023-03-13 18:41:29,393 INFO app MainThread : Getting database
2023-03-13 18:41:29,394 INFO app MainThread : Closing database
2023-03-13 18:41:29,395 INFO app MainThread : Getting database
2023-03-13 18:41:29,398 INFO app MainThread : Closing database
2023-03-13 18:41:29,398 INFO app MainThread : Server retrieved contributors for task with ID (1,)
2023-03-13 18:41:29,399 INFO app MainThread : Getting database
2023-03-13 18:41:29,402 INFO app MainThread : Server constructed task dictionary for task with ID (1,)
2023-03-13 18:41:29,402 INFO app MainThread : Server organized tasks for user user in dictionary form
2023-03-13 18:41:29,408 INFO app MainThread : Getting database
2023-03-13 18:41:29,469 INFO app MainThread : Closing database
2023-03-13 18:41:29,470 INFO app MainThread : User user added contributor user2 to task with ID 1
2023-03-13 18:41:29,474 INFO app MainThread : Index route accessed
2023-03-13 18:41:29,474 INFO app MainThread : User user accessed Kanban board
2023-03-13 18:41:29,475 INFO app MainThread : Getting database
2023-03-13 18:41:29,477 INFO app MainThread : Server retrieved user ID for user user
2023-03-13 18:41:29,479 INFO app MainThread : Getting database
2023-03-13 18:41:29,479 INFO app MainThread : Closing database
2023-03-13 18:41:29,479 INFO app MainThread : Getting database
2023-03-13 18:41:29,484 INFO app MainThread : Closing database
2023-03-13 18:41:29,484 INFO app MainThread : Server retrieved contributors for task with ID (1,)
2023-03-13 18:41:29,485 INFO app MainThread : Getting database
2023-03-13 18:41:29,487 INFO app MainThread : Server constructed task dictionary for task with ID (1,)
2023-03-13 18:41:29,487 INFO app MainThread : Server organized tasks for user user in dictionary form
2023-03-13 18:41:29,493 INFO app MainThread : Getting database
2023-03-13 18:41:29,555 INFO app MainThread : Closing database
2023-03-13 18:41:29,555 INFO app MainThread : User user removed contributor user2 from task with ID 1
2023-03-13 18:41:29,559 INFO app MainThread : Index route accessed
2023-03-13 18:41:29,560 INFO app MainThread : User user accessed Kanban board
2023-03-13 18:41:29,560 INFO app MainThread : Getting database
2023-03-13 18:41:29,563 INFO app MainThread : Server retrieved user ID for user user
2023-03-13 18:41:29,563 INFO app MainThread : Getting database
2023-03-13 18:41:29,564 INFO app MainThread : Closing database
2023-03-13 18:41:29,564 INFO app MainThread : Getting database
2023-03-13 18:41:29,567 INFO app MainThread : Closing database
2023-03-13 18:41:29,568 INFO app MainThread : Server retrieved contributors for task with ID (1,)
2023-03-13 18:41:29,568 INFO app MainThread : Getting database
2023-03-13 18:41:29,572 INFO app MainThread : Server constructed task dictionary for task with ID (1,)
2023-03-13 18:41:29,572 INFO app MainThread : Server organized tasks for user user in dictionary form
2023-03-13 18:41:29,672 INFO app MainThread : Clearing session
2023-03-13 18:41:29,672 INFO app MainThread : Login route accessed
2023-03-13 18:41:29,674 INFO app MainThread : Getting database
2023-03-13 18:41:29,677 INFO app MainThread : Closing database
2023-03-13 18:41:29,679 INFO app MainThread : Invalid username or password
